<?xml version="1.0" encoding="utf-8"?><testsuites name="pytest tests"><testsuite name="pytest" errors="0" failures="1" skipped="0" tests="16" time="12.655" timestamp="2026-07-23T23:22:01.430922+00:00" hostname="agent-env-e9e21a84-c884-4eb5-8804-6cd87017f1dc"><testcase classname="tests.test_p0_stability_repair.TestMFALogin" name="test_admin_login_with_valid_totp_returns_token" time="0.909" /><testcase classname="tests.test_p0_stability_repair.TestMFALogin" name="test_invalid_totp_returns_invalid_mfa_code" time="0.996" /><testcase classname="tests.test_p0_stability_repair.TestMustEnrollMFA" name="test_fresh_workforce_login_returns_token_but_phi_blocked" time="0.661" /><testcase classname="tests.test_p0_stability_repair.TestMustEnrollMFA" name="test_enrollment_flow_then_phi_ok" time="0.414" /><testcase classname="tests.test_p0_stability_repair.TestCampaignSanitization" name="test_sanitize_strips_script_iframe_onerror_javascript_but_keeps_safe_tags" time="0.770" /><testcase classname="tests.test_p0_stability_repair.TestRBACReceiptSentinel" name="test_wrong_transaction_id_returns_403_or_404" time="0.747" /><testcase classname="tests.test_p0_stability_repair.TestMedicalAssistantRBAC" name="test_ma_can_get_labs" time="0.767" /><testcase classname="tests.test_p0_stability_repair.TestMedicalAssistantRBAC" name="test_ma_can_get_clients" time="0.153"><failure message="AssertionError: MA /clients failed 403: {&quot;detail&quot;:&quot;Insufficient permissions&quot;}&#10;assert 403 == 200&#10; +  where 403 = &lt;Response [403]&gt;.status_code">tests/test_p0_stability_repair.py:264: in test_ma_can_get_clients
    assert r.status_code == 200, f"MA /clients failed {r.status_code}: {r.text[:200]}"
E   AssertionError: MA /clients failed 403: {"detail":"Insufficient permissions"}
E   assert 403 == 200
E    +  where 403 = &lt;Response [403]&gt;.status_code</failure></testcase><testcase classname="tests.test_p0_stability_repair.TestMedicalAssistantRBAC" name="test_ma_blocked_from_post_lab_values" time="0.105" /><testcase classname="tests.test_p0_stability_repair.TestAuditorRBAC" name="test_auditor_get_clients" time="0.852" /><testcase classname="tests.test_p0_stability_repair.TestAuditorRBAC" name="test_auditor_post_denied" time="0.107" /><testcase classname="tests.test_p0_stability_repair.TestStaffFrontDeskRBAC" name="test_staff_get_appointments" time="1.024" /><testcase classname="tests.test_p0_stability_repair.TestStaffFrontDeskRBAC" name="test_staff_get_transactions" time="0.218" /><testcase classname="tests.test_p0_stability_repair.TestWorkforceCantDisableMFA" name="test_admin_cannot_disable_mfa" time="4.083" /><testcase classname="tests.test_p0_stability_repair.TestBleachInstalled" name="test_bleach_and_tinycss2_are_installed" time="0.022" /><testcase classname="tests.test_p0_stability_repair.TestBleachInstalled" name="test_campaigns_config_delivery_reachable" time="0.760" /></testsuite></testsuites>