<?xml version="1.0" encoding="utf-8"?><testsuites name="pytest tests"><testsuite name="pytest" errors="0" failures="0" skipped="0" tests="17" time="6.182" timestamp="2026-07-23T20:35:38.032755+00:00" hostname="agent-env-e9e21a84-c884-4eb5-8804-6cd87017f1dc"><testcase classname="tests.test_iter24_sprint_usability.TestGlobalSearch" name="test_search_empty_query_returns_empty_envelope" time="1.133" /><testcase classname="tests.test_iter24_sprint_usability.TestGlobalSearch" name="test_search_admin_gets_users_bucket_for_admin_email" time="0.139" /><testcase classname="tests.test_iter24_sprint_usability.TestGlobalSearch" name="test_search_practitioner_can_search_patients" time="0.830" /><testcase classname="tests.test_iter24_sprint_usability.TestPortalSeeder" name="test_seed_returns_expected_fields" time="0.361" /><testcase classname="tests.test_iter24_sprint_usability.TestPortalSeeder" name="test_seed_is_idempotent" time="0.139" /><testcase classname="tests.test_iter24_sprint_usability.TestPortalSeeder" name="test_seed_client_record_has_expected_flags" time="0.008" /><testcase classname="tests.test_iter24_sprint_usability.TestPortalSeeder" name="test_portal_status_reports_active" time="0.110" /><testcase classname="tests.test_iter24_sprint_usability.TestPortalActions" name="test_portal_invite_returns_url_non_hipaa" time="0.132" /><testcase classname="tests.test_iter24_sprint_usability.TestPortalActions" name="test_portal_reset_password_returns_fresh_link" time="0.119" /><testcase classname="tests.test_iter24_sprint_usability.TestPortalActions" name="test_portal_reset_400_when_no_portal_user" time="0.409" /><testcase classname="tests.test_iter24_sprint_usability.TestPortalActions" name="test_portal_disable_then_enable" time="0.479" /><testcase classname="tests.test_iter24_sprint_usability.TestInvoicePDF" name="test_receipt_returns_pdf_bytes" time="0.245" /><testcase classname="tests.test_iter24_sprint_usability.TestInvoicePDF" name="test_email_invoice_returns_delivery_status" time="0.159" /><testcase classname="tests.test_iter24_sprint_usability.TestLabAttachments" name="test_provider_can_attach_and_detach_file" time="0.603" /><testcase classname="tests.test_iter24_sprint_usability.TestCampaignRichText" name="test_create_campaign_with_html_and_variables" time="0.697" /><testcase classname="tests.test_iter24_sprint_usability.TestCampaignRichText" name="test_create_campaign_sms_plain" time="0.444" /><testcase classname="tests.test_iter24_sprint_usability" name="test_zz_cleanup_test_patient" time="0.126" /></testsuite></testsuites>