<?xml version="1.0" encoding="utf-8"?><testsuites name="pytest tests"><testsuite name="pytest" errors="0" failures="0" skipped="0" tests="11" time="2.631" timestamp="2026-07-30T21:43:23.168476+00:00" hostname="agent-env-e9e21a84-c884-4eb5-8804-6cd87017f1dc"><testcase classname="tests.test_session2a_google_removal" name="test_health_no_google_oauth_key" time="0.361" /><testcase classname="tests.test_session2a_google_removal" name="test_google_routes_404[GET-/auth/google/oauth/authorize]" time="0.113" /><testcase classname="tests.test_session2a_google_removal" name="test_google_routes_404[GET-/auth/google/oauth/callback]" time="0.106" /><testcase classname="tests.test_session2a_google_removal" name="test_google_routes_404[POST-/auth/google/oauth/exchange]" time="0.120" /><testcase classname="tests.test_session2a_google_removal" name="test_google_routes_404[POST-/auth/google/session]" time="0.102" /><testcase classname="tests.test_session2a_google_removal" name="test_login_step1_returns_mfa_required" time="0.337" /><testcase classname="tests.test_session2a_google_removal" name="test_login_password_mfa_flow" time="0.359" /><testcase classname="tests.test_session2a_google_removal" name="test_refresh_rotates_cookie" time="0.451" /><testcase classname="tests.test_session2a_google_removal" name="test_forgot_password_200[admin@natmedsol.local]" time="0.112" /><testcase classname="tests.test_session2a_google_removal" name="test_forgot_password_200[notreal-xyz@example.com]" time="0.107" /><testcase classname="tests.test_session2a_google_removal" name="test_baa_checklist_7_rows_no_google_workspace" time="0.432" /></testsuite></testsuites>