<?xml version="1.0" encoding="utf-8"?><testsuites name="pytest tests"><testsuite name="pytest" errors="0" failures="0" skipped="0" tests="11" time="3.534" timestamp="2026-07-22T05:17:04.283004+00:00" hostname="agent-env-e9e21a84-c884-4eb5-8804-6cd87017f1dc"><testcase classname="tests.test_accounting_sprint1_5.TestDashboard" name="test_dashboard_returns_all_widgets" time="1.052" /><testcase classname="tests.test_accounting_sprint1_5.TestDashboard" name="test_dashboard_tb_matches_reports" time="0.210" /><testcase classname="tests.test_accounting_sprint1_5.TestValidation" name="test_validate_returns_all_checks" time="0.227" /><testcase classname="tests.test_accounting_sprint1_5.TestValidation" name="test_trial_balance_and_bs_are_ok" time="0.209" /><testcase classname="tests.test_accounting_sprint1_5.TestValidation" name="test_validation_healthy_reflects_dead_letters" time="0.233" /><testcase classname="tests.test_accounting_sprint1_5.TestBackfill" name="test_dry_run_lists_candidates" time="0.183" /><testcase classname="tests.test_accounting_sprint1_5.TestBackfill" name="test_execute_posts_journal_entries" time="0.165" /><testcase classname="tests.test_accounting_sprint1_5.TestBackfill" name="test_execute_is_idempotent" time="0.313" /><testcase classname="tests.test_accounting_sprint1_5.TestBackfill" name="test_dry_run_after_execute_shows_all_duplicates" time="0.306" /><testcase classname="tests.test_accounting_sprint1_5.TestBackfill" name="test_resume_completes_run" time="0.261" /><testcase classname="tests.test_accounting_sprint1_5.TestBackfill" name="test_list_and_get_runs" time="0.353" /></testsuite></testsuites>